2019-06-09 15:47:13.284  INFO 4864 --- [main] c.k.e.EurekaServerApplication            : No active profile set, falling back to default profiles: default
2019-06-09 15:47:13.301  INFO 4864 --- [main] ationConfigEmbeddedWebApplicationContext : Refreshing org.springframework.boot.context.embedded.AnnotationConfigEmbeddedWebApplicationContext@4ddbbdf8: startup date [Sun Jun 09 15:47:13 CST 2019]; parent: org.springframework.context.annotation.AnnotationConfigApplicationContext@7334aada
2019-06-09 15:47:14.732  WARN 4864 --- [main] o.s.c.a.ConfigurationClassPostProcessor  : Cannot enhance @Configuration bean definition 'refreshScope' since its singleton instance has been created too early. The typical cause is a non-static @Bean method with a BeanDefinitionRegistryPostProcessor return type: Consider declaring such methods as 'static'.
2019-06-09 15:47:14.931  INFO 4864 --- [main] o.s.cloud.context.scope.GenericScope     : BeanFactory id=74bc743c-396e-3b9e-a875-58fa35362d2c
2019-06-09 15:47:14.961  INFO 4864 --- [main] f.a.AutowiredAnnotationBeanPostProcessor : JSR-330 'javax.inject.Inject' annotation found and supported for autowiring
2019-06-09 15:47:14.992  INFO 4864 --- [main] trationDelegate$BeanPostProcessorChecker : Bean 'org.springframework.cloud.autoconfigure.ConfigurationPropertiesRebinderAutoConfiguration' of type [class org.springframework.cloud.autoconfigure.ConfigurationPropertiesRebinderAutoConfiguration$$EnhancerBySpringCGLIB$$ca5d5115] is not eligible for getting processed by all BeanPostProcessors (for example: not eligible for auto-proxying)
2019-06-09 15:47:14.999  INFO 4864 --- [main] trationDelegate$BeanPostProcessorChecker : Bean 'org.springframework.cloud.autoconfigure.RefreshEndpointAutoConfiguration' of type [class org.springframework.cloud.autoconfigure.RefreshEndpointAutoConfiguration$$EnhancerBySpringCGLIB$$73bc530b] is not eligible for getting processed by all BeanPostProcessors (for example: not eligible for auto-proxying)
2019-06-09 15:47:15.364  INFO 4864 --- [main] s.b.c.e.t.TomcatEmbeddedServletContainer : Tomcat initialized with port(s): 1111 (http)
2019-06-09 15:47:15.380  INFO 4864 --- [main] o.apache.catalina.core.StandardService   : Starting service Tomcat
2019-06-09 15:47:15.382  INFO 4864 --- [main] org.apache.catalina.core.StandardEngine  : Starting Servlet Engine: Apache Tomcat/8.0.36
2019-06-09 15:47:15.607  INFO 4864 --- [localhost-startStop-1] o.a.c.c.C.[Tomcat].[localhost].[/]       : Initializing Spring embedded WebApplicationContext
2019-06-09 15:47:15.609  INFO 4864 --- [localhost-startStop-1] o.s.web.context.ContextLoader            : Root WebApplicationContext: initialization completed in 2308 ms
2019-06-09 15:47:16.761  INFO 4864 --- [localhost-startStop-1] o.s.b.c.embedded.FilterRegistrationBean  : Mapping filter: 'metricFilter' to: [/*]
2019-06-09 15:47:16.762  INFO 4864 --- [localhost-startStop-1] o.s.b.c.embedded.FilterRegistrationBean  : Mapping filter: 'characterEncodingFilter' to: [/*]
2019-06-09 15:47:16.763  INFO 4864 --- [localhost-startStop-1] o.s.b.c.embedded.FilterRegistrationBean  : Mapping filter: 'hiddenHttpMethodFilter' to: [/*]
2019-06-09 15:47:16.763  INFO 4864 --- [localhost-startStop-1] o.s.b.c.embedded.FilterRegistrationBean  : Mapping filter: 'httpPutFormContentFilter' to: [/*]
2019-06-09 15:47:16.764  INFO 4864 --- [localhost-startStop-1] o.s.b.c.embedded.FilterRegistrationBean  : Mapping filter: 'requestContextFilter' to: [/*]
2019-06-09 15:47:16.764  INFO 4864 --- [localhost-startStop-1] o.s.b.c.embedded.FilterRegistrationBean  : Mapping filter: 'webRequestTraceFilter' to: [/*]
2019-06-09 15:47:16.764  INFO 4864 --- [localhost-startStop-1] o.s.b.c.embedded.FilterRegistrationBean  : Mapping filter: 'servletContainer' to urls: [/eureka/*]
2019-06-09 15:47:16.764  INFO 4864 --- [localhost-startStop-1] o.s.b.c.embedded.FilterRegistrationBean  : Mapping filter: 'applicationContextIdFilter' to: [/*]
2019-06-09 15:47:16.765  INFO 4864 --- [localhost-startStop-1] o.s.b.c.e.ServletRegistrationBean        : Mapping servlet: 'dispatcherServlet' to [/]
2019-06-09 15:47:16.886  INFO 4864 --- [localhost-startStop-1] c.s.j.s.i.a.WebApplicationImpl           : Initiating Jersey application, version 'Jersey: 1.19.1 03/11/2016 02:08 PM'
2019-06-09 15:47:17.015  INFO 4864 --- [localhost-startStop-1] c.n.d.provider.DiscoveryJerseyProvider   : Using JSON encoding codec LegacyJacksonJson
2019-06-09 15:47:17.017  INFO 4864 --- [localhost-startStop-1] c.n.d.provider.DiscoveryJerseyProvider   : Using JSON decoding codec LegacyJacksonJson
2019-06-09 15:47:17.134  INFO 4864 --- [localhost-startStop-1] c.n.d.provider.DiscoveryJerseyProvider   : Using XML encoding codec XStreamXml
2019-06-09 15:47:17.134  INFO 4864 --- [localhost-startStop-1] c.n.d.provider.DiscoveryJerseyProvider   : Using XML decoding codec XStreamXml
2019-06-09 15:47:18.213  INFO 4864 --- [main] o.s.c.n.eureka.InstanceInfoFactory       : Setting initial instance status as: STARTING
2019-06-09 15:47:18.286  INFO 4864 --- [main] com.netflix.discovery.DiscoveryClient    : Client configured to neither register nor query for data.
2019-06-09 15:47:18.295  INFO 4864 --- [main] com.netflix.discovery.DiscoveryClient    : Discovery Client initialized at timestamp 1560066438294 with initial instances count: 0
2019-06-09 15:47:18.359  INFO 4864 --- [main] c.n.eureka.DefaultEurekaServerContext    : Initializing ...
2019-06-09 15:47:18.361  INFO 4864 --- [main] c.n.eureka.cluster.PeerEurekaNodes       : Adding new peer nodes [http://127.0.0.1:1111/eureka/]
2019-06-09 15:47:19.061  INFO 4864 --- [main] c.n.d.provider.DiscoveryJerseyProvider   : Using JSON encoding codec LegacyJacksonJson
2019-06-09 15:47:19.062  INFO 4864 --- [main] c.n.d.provider.DiscoveryJerseyProvider   : Using JSON decoding codec LegacyJacksonJson
2019-06-09 15:47:19.063  INFO 4864 --- [main] c.n.d.provider.DiscoveryJerseyProvider   : Using XML encoding codec XStreamXml
2019-06-09 15:47:19.063  INFO 4864 --- [main] c.n.d.provider.DiscoveryJerseyProvider   : Using XML decoding codec XStreamXml
2019-06-09 15:47:19.187  INFO 4864 --- [main] c.n.eureka.cluster.PeerEurekaNodes       : Replica node URL:  http://127.0.0.1:1111/eureka/
2019-06-09 15:47:19.199  INFO 4864 --- [main] c.n.e.registry.AbstractInstanceRegistry  : Finished initializing remote region registries. All known remote regions: []
2019-06-09 15:47:19.199  INFO 4864 --- [main] c.n.eureka.DefaultEurekaServerContext    : Initialized
2019-06-09 15:47:19.440  INFO 4864 --- [main] s.w.s.m.m.a.RequestMappingHandlerAdapter : Looking for @ControllerAdvice: org.springframework.boot.context.embedded.AnnotationConfigEmbeddedWebApplicationContext@4ddbbdf8: startup date [Sun Jun 09 15:47:13 CST 2019]; parent: org.springframework.context.annotation.AnnotationConfigApplicationContext@7334aada
2019-06-09 15:47:19.542  INFO 4864 --- [main] s.w.s.m.m.a.RequestMappingHandlerMapping : Mapped "{[/],methods=[GET]}" onto public java.lang.String org.springframework.cloud.netflix.eureka.server.EurekaController.status(javax.servlet.http.HttpServletRequest,java.util.Map<java.lang.String, java.lang.Object>)
2019-06-09 15:47:19.544  INFO 4864 --- [main] s.w.s.m.m.a.RequestMappingHandlerMapping : Mapped "{[/lastn],methods=[GET]}" onto public java.lang.String org.springframework.cloud.netflix.eureka.server.EurekaController.lastn(javax.servlet.http.HttpServletRequest,java.util.Map<java.lang.String, java.lang.Object>)
2019-06-09 15:47:19.546  INFO 4864 --- [main] s.w.s.m.m.a.RequestMappingHandlerMapping : Mapped "{[/error]}" onto public org.springframework.http.ResponseEntity<java.util.Map<java.lang.String, java.lang.Object>> org.springframework.boot.autoconfigure.web.BasicErrorController.error(javax.servlet.http.HttpServletRequest)
2019-06-09 15:47:19.546  INFO 4864 --- [main] s.w.s.m.m.a.RequestMappingHandlerMapping : Mapped "{[/error],produces=[text/html]}" onto public org.springframework.web.servlet.ModelAndView org.springframework.boot.autoconfigure.web.BasicErrorController.errorHtml(javax.servlet.http.HttpServletRequest,javax.servlet.http.HttpServletResponse)
2019-06-09 15:47:19.589  INFO 4864 --- [main] o.s.w.s.handler.SimpleUrlHandlerMapping  : Mapped URL path [/webjars/**] onto handler of type [class org.springframework.web.servlet.resource.ResourceHttpRequestHandler]
2019-06-09 15:47:19.590  INFO 4864 --- [main] o.s.w.s.handler.SimpleUrlHandlerMapping  : Mapped URL path [/**] onto handler of type [class org.springframework.web.servlet.resource.ResourceHttpRequestHandler]
2019-06-09 15:47:19.640  INFO 4864 --- [main] o.s.w.s.handler.SimpleUrlHandlerMapping  : Mapped URL path [/**/favicon.ico] onto handler of type [class org.springframework.web.servlet.resource.ResourceHttpRequestHandler]
2019-06-09 15:47:20.255  INFO 4864 --- [main] o.s.b.a.e.mvc.EndpointHandlerMapping     : Mapped "{[/resume || /resume.json],methods=[POST]}" onto public java.lang.Object org.springframework.cloud.endpoint.GenericPostableMvcEndpoint.invoke()
2019-06-09 15:47:20.256  INFO 4864 --- [main] o.s.b.a.e.mvc.EndpointHandlerMapping     : Mapped "{[/trace || /trace.json],methods=[GET],produces=[application/json]}" onto public java.lang.Object org.springframework.boot.actuate.endpoint.mvc.EndpointMvcAdapter.invoke()
2019-06-09 15:47:20.260  INFO 4864 --- [main] o.s.b.a.e.mvc.EndpointHandlerMapping     : Mapped "{[/metrics/{name:.*}],methods=[GET],produces=[application/json]}" onto public java.lang.Object org.springframework.boot.actuate.endpoint.mvc.MetricsMvcEndpoint.value(java.lang.String)
2019-06-09 15:47:20.260  INFO 4864 --- [main] o.s.b.a.e.mvc.EndpointHandlerMapping     : Mapped "{[/metrics || /metrics.json],methods=[GET],produces=[application/json]}" onto public java.lang.Object org.springframework.boot.actuate.endpoint.mvc.EndpointMvcAdapter.invoke()
2019-06-09 15:47:20.261  INFO 4864 --- [main] o.s.b.a.e.mvc.EndpointHandlerMapping     : Mapped "{[/env],methods=[POST]}" onto public java.lang.Object org.springframework.cloud.context.environment.EnvironmentManagerMvcEndpoint.value(java.util.Map<java.lang.String, java.lang.String>)
2019-06-09 15:47:20.263  INFO 4864 --- [main] o.s.b.a.e.mvc.EndpointHandlerMapping     : Mapped "{[/env/reset],methods=[POST]}" onto public java.util.Map<java.lang.String, java.lang.Object> org.springframework.cloud.context.environment.EnvironmentManagerMvcEndpoint.reset()
2019-06-09 15:47:20.264  INFO 4864 --- [main] o.s.b.a.e.mvc.EndpointHandlerMapping     : Mapped "{[/configprops || /configprops.json],methods=[GET],produces=[application/json]}" onto public java.lang.Object org.springframework.boot.actuate.endpoint.mvc.EndpointMvcAdapter.invoke()
2019-06-09 15:47:20.265  INFO 4864 --- [main] o.s.b.a.e.mvc.EndpointHandlerMapping     : Mapped "{[/restart || /restart.json],methods=[POST]}" onto public java.lang.Object org.springframework.cloud.context.restart.RestartMvcEndpoint.invoke()
2019-06-09 15:47:20.266  INFO 4864 --- [main] o.s.b.a.e.mvc.EndpointHandlerMapping     : Mapped "{[/beans || /beans.json],methods=[GET],produces=[application/json]}" onto public java.lang.Object org.springframework.boot.actuate.endpoint.mvc.EndpointMvcAdapter.invoke()
2019-06-09 15:47:20.268  INFO 4864 --- [main] o.s.b.a.e.mvc.EndpointHandlerMapping     : Mapped "{[/refresh || /refresh.json],methods=[POST]}" onto public java.lang.Object org.springframework.cloud.endpoint.GenericPostableMvcEndpoint.invoke()
2019-06-09 15:47:20.271  INFO 4864 --- [main] o.s.b.a.e.mvc.EndpointHandlerMapping     : Mapped "{[/pause || /pause.json],methods=[POST]}" onto public java.lang.Object org.springframework.cloud.endpoint.GenericPostableMvcEndpoint.invoke()
2019-06-09 15:47:20.272  INFO 4864 --- [main] o.s.b.a.e.mvc.EndpointHandlerMapping     : Mapped "{[/mappings || /mappings.json],methods=[GET],produces=[application/json]}" onto public java.lang.Object org.springframework.boot.actuate.endpoint.mvc.EndpointMvcAdapter.invoke()
2019-06-09 15:47:20.274  INFO 4864 --- [main] o.s.b.a.e.mvc.EndpointHandlerMapping     : Mapped "{[/env/{name:.*}],methods=[GET],produces=[application/json]}" onto public java.lang.Object org.springframework.boot.actuate.endpoint.mvc.EnvironmentMvcEndpoint.value(java.lang.String)
2019-06-09 15:47:20.274  INFO 4864 --- [main] o.s.b.a.e.mvc.EndpointHandlerMapping     : Mapped "{[/env || /env.json],methods=[GET],produces=[application/json]}" onto public java.lang.Object org.springframework.boot.actuate.endpoint.mvc.EndpointMvcAdapter.invoke()
2019-06-09 15:47:20.275  INFO 4864 --- [main] o.s.b.a.e.mvc.EndpointHandlerMapping     : Mapped "{[/health || /health.json],produces=[application/json]}" onto public java.lang.Object org.springframework.boot.actuate.endpoint.mvc.HealthMvcEndpoint.invoke(java.security.Principal)
2019-06-09 15:47:20.276  INFO 4864 --- [main] o.s.b.a.e.mvc.EndpointHandlerMapping     : Mapped "{[/archaius || /archaius.json],methods=[GET],produces=[application/json]}" onto public java.lang.Object org.springframework.boot.actuate.endpoint.mvc.EndpointMvcAdapter.invoke()
2019-06-09 15:47:20.276  INFO 4864 --- [main] o.s.b.a.e.mvc.EndpointHandlerMapping     : Mapped "{[/info || /info.json],methods=[GET],produces=[application/json]}" onto public java.lang.Object org.springframework.boot.actuate.endpoint.mvc.EndpointMvcAdapter.invoke()
2019-06-09 15:47:20.277  INFO 4864 --- [main] o.s.b.a.e.mvc.EndpointHandlerMapping     : Mapped "{[/autoconfig || /autoconfig.json],methods=[GET],produces=[application/json]}" onto public java.lang.Object org.springframework.boot.actuate.endpoint.mvc.EndpointMvcAdapter.invoke()
2019-06-09 15:47:20.279  INFO 4864 --- [main] o.s.b.a.e.mvc.EndpointHandlerMapping     : Mapped "{[/features || /features.json],methods=[GET],produces=[application/json]}" onto public java.lang.Object org.springframework.boot.actuate.endpoint.mvc.EndpointMvcAdapter.invoke()
2019-06-09 15:47:20.280  INFO 4864 --- [main] o.s.b.a.e.mvc.EndpointHandlerMapping     : Mapped "{[/dump || /dump.json],methods=[GET],produces=[application/json]}" onto public java.lang.Object org.springframework.boot.actuate.endpoint.mvc.EndpointMvcAdapter.invoke()
2019-06-09 15:47:20.281  INFO 4864 --- [main] o.s.b.a.e.mvc.EndpointHandlerMapping     : Mapped "{[/logfile || /logfile.json],methods=[GET || HEAD]}" onto public void org.springframework.boot.actuate.endpoint.mvc.LogFileMvcEndpoint.invoke(javax.servlet.http.HttpServletRequest,javax.servlet.http.HttpServletResponse) throws javax.servlet.ServletException,java.io.IOException
2019-06-09 15:47:20.420  INFO 4864 --- [main] o.s.ui.freemarker.SpringTemplateLoader   : SpringTemplateLoader for FreeMarker: using resource loader [org.springframework.boot.context.embedded.AnnotationConfigEmbeddedWebApplicationContext@4ddbbdf8: startup date [Sun Jun 09 15:47:13 CST 2019]; parent: org.springframework.context.annotation.AnnotationConfigApplicationContext@7334aada] and template loader path [classpath:/templates/]
2019-06-09 15:47:20.421  INFO 4864 --- [main] o.s.w.s.v.f.FreeMarkerConfigurer         : ClassTemplateLoader for Spring macros added to FreeMarker configuration
2019-06-09 15:47:20.532  WARN 4864 --- [main] c.n.c.sources.URLConfigurationSource     : No URLs will be polled as dynamic configuration sources.
2019-06-09 15:47:20.532  INFO 4864 --- [main] c.n.c.sources.URLConfigurationSource     : To enable URLs as dynamic configuration sources, define System property archaius.configurationSource.additionalUrls or make config.properties available on classpath.
2019-06-09 15:47:20.541  WARN 4864 --- [main] c.n.c.sources.URLConfigurationSource     : No URLs will be polled as dynamic configuration sources.
2019-06-09 15:47:20.542  INFO 4864 --- [main] c.n.c.sources.URLConfigurationSource     : To enable URLs as dynamic configuration sources, define System property archaius.configurationSource.additionalUrls or make config.properties available on classpath.
2019-06-09 15:47:20.630  INFO 4864 --- [main] o.s.j.e.a.AnnotationMBeanExporter        : Registering beans for JMX exposure on startup
2019-06-09 15:47:20.641  INFO 4864 --- [main] o.s.j.e.a.AnnotationMBeanExporter        : Bean with name 'refreshScope' has been autodetected for JMX exposure
2019-06-09 15:47:20.641  INFO 4864 --- [main] o.s.j.e.a.AnnotationMBeanExporter        : Bean with name 'environmentManager' has been autodetected for JMX exposure
2019-06-09 15:47:20.643  INFO 4864 --- [main] o.s.j.e.a.AnnotationMBeanExporter        : Bean with name 'configurationPropertiesRebinder' has been autodetected for JMX exposure
2019-06-09 15:47:20.644  INFO 4864 --- [main] o.s.j.e.a.AnnotationMBeanExporter        : Bean with name 'refreshEndpoint' has been autodetected for JMX exposure
2019-06-09 15:47:20.645  INFO 4864 --- [main] o.s.j.e.a.AnnotationMBeanExporter        : Bean with name 'restartEndpoint' has been autodetected for JMX exposure
2019-06-09 15:47:20.648  INFO 4864 --- [main] o.s.j.e.a.AnnotationMBeanExporter        : Located managed bean 'environmentManager': registering with JMX server as MBean [org.springframework.cloud.context.environment:name=environmentManager,type=EnvironmentManager]
2019-06-09 15:47:20.666  INFO 4864 --- [main] o.s.j.e.a.AnnotationMBeanExporter        : Located managed bean 'restartEndpoint': registering with JMX server as MBean [org.springframework.cloud.context.restart:name=restartEndpoint,type=RestartEndpoint]
2019-06-09 15:47:20.679  INFO 4864 --- [main] o.s.j.e.a.AnnotationMBeanExporter        : Located managed bean 'refreshScope': registering with JMX server as MBean [org.springframework.cloud.context.scope.refresh:name=refreshScope,type=RefreshScope]
2019-06-09 15:47:20.690  INFO 4864 --- [main] o.s.j.e.a.AnnotationMBeanExporter        : Located managed bean 'configurationPropertiesRebinder': registering with JMX server as MBean [org.springframework.cloud.context.properties:name=configurationPropertiesRebinder,context=4ddbbdf8,type=ConfigurationPropertiesRebinder]
2019-06-09 15:47:20.697  INFO 4864 --- [main] o.s.j.e.a.AnnotationMBeanExporter        : Located managed bean 'refreshEndpoint': registering with JMX server as MBean [org.springframework.cloud.endpoint:name=refreshEndpoint,type=RefreshEndpoint]
2019-06-09 15:47:21.069  INFO 4864 --- [main] o.s.c.support.DefaultLifecycleProcessor  : Starting beans in phase 0
2019-06-09 15:47:21.070  INFO 4864 --- [main] c.n.e.EurekaDiscoveryClientConfiguration : Registering application eureka-server with eureka with status UP
2019-06-09 15:47:21.070  INFO 4864 --- [Thread-40] o.s.c.n.e.server.EurekaServerBootstrap   : Setting the eureka configuration..
2019-06-09 15:47:21.071  INFO 4864 --- [Thread-40] o.s.c.n.e.server.EurekaServerBootstrap   : Eureka data center value eureka.datacenter is not set, defaulting to default
2019-06-09 15:47:21.071  INFO 4864 --- [Thread-40] o.s.c.n.e.server.EurekaServerBootstrap   : Eureka environment value eureka.environment is not set, defaulting to test
2019-06-09 15:47:21.089  INFO 4864 --- [Thread-40] o.s.c.n.e.server.EurekaServerBootstrap   : isAws returned false
2019-06-09 15:47:21.090  INFO 4864 --- [Thread-40] o.s.c.n.e.server.EurekaServerBootstrap   : Initialized server context
2019-06-09 15:47:21.091  INFO 4864 --- [Thread-40] c.n.e.r.PeerAwareInstanceRegistryImpl    : Got 1 instances from neighboring DS node
2019-06-09 15:47:21.091  INFO 4864 --- [Thread-40] c.n.e.r.PeerAwareInstanceRegistryImpl    : Renew threshold is: 1
2019-06-09 15:47:21.091  INFO 4864 --- [Thread-40] c.n.e.r.PeerAwareInstanceRegistryImpl    : Changing status to UP
2019-06-09 15:47:21.101  INFO 4864 --- [Thread-40] e.s.EurekaServerInitializerConfiguration : Started Eureka Server
2019-06-09 15:47:21.200  INFO 4864 --- [main] s.b.c.e.t.TomcatEmbeddedServletContainer : Tomcat started on port(s): 1111 (http)
2019-06-09 15:47:21.201  INFO 4864 --- [main] c.n.e.EurekaDiscoveryClientConfiguration : Updating port to 1111
2019-06-09 15:47:21.205  INFO 4864 --- [main] c.k.e.EurekaServerApplication            : Started EurekaServerApplication in 15.284 seconds (JVM running for 17.867)
2019-06-09 15:47:22.168  INFO 4864 --- [RMI TCP Connection(6)-127.0.0.1] c.c.c.ConfigServicePropertySourceLocator : Fetching config from server at: http://localhost:6001/
2019-06-09 15:47:24.531  INFO 4864 --- [RMI TCP Connection(6)-127.0.0.1] c.c.c.ConfigServicePropertySourceLocator : Located environment: name=application, profiles=[dev], label=master, version=740001c8e9bbb7a2a43b213bef6e1a0c909cc3e5
2019-06-09 15:48:14.235  INFO 4864 --- [http-nio-1111-exec-1] o.a.c.c.C.[Tomcat].[localhost].[/]       : Initializing Spring FrameworkServlet 'dispatcherServlet'
2019-06-09 15:48:14.236  INFO 4864 --- [http-nio-1111-exec-1] o.s.web.servlet.DispatcherServlet        : FrameworkServlet 'dispatcherServlet': initialization started
2019-06-09 15:48:14.272  INFO 4864 --- [http-nio-1111-exec-1] o.s.web.servlet.DispatcherServlet        : FrameworkServlet 'dispatcherServlet': initialization completed in 35 ms
2019-06-09 15:48:14.551  INFO 4864 --- [http-nio-1111-exec-2] c.n.e.registry.AbstractInstanceRegistry  : Registered instance HELLO-SERVICE/DESKTOP-DK9GFMG:hello-service:2002 with status UP (replication=false)
2019-06-09 15:48:15.477  INFO 4864 --- [http-nio-1111-exec-3] c.n.e.registry.AbstractInstanceRegistry  : Registered instance HELLO-SERVICE/DESKTOP-DK9GFMG:hello-service:2002 with status UP (replication=true)
2019-06-09 15:48:21.097  INFO 4864 --- [Eureka-EvictionTimer] c.n.e.registry.AbstractInstanceRegistry  : Running the evict task with compensationTime 0ms
2019-06-09 15:48:53.950  INFO 4864 --- [http-nio-1111-exec-9] c.n.e.registry.AbstractInstanceRegistry  : Registered instance FEIGN-CONSUMER/DESKTOP-DK9GFMG:feign-consumer:4002 with status UP (replication=false)
2019-06-09 15:48:54.465  INFO 4864 --- [http-nio-1111-exec-10] c.n.e.registry.AbstractInstanceRegistry  : Registered instance FEIGN-CONSUMER/DESKTOP-DK9GFMG:feign-consumer:4002 with status UP (replication=true)
2019-06-09 15:49:21.098  INFO 4864 --- [Eureka-EvictionTimer] c.n.e.registry.AbstractInstanceRegistry  : Running the evict task with compensationTime 0ms
